0 info it worked if it ends with ok
1 verbose cli [ '/usr/local/bin/node',
1 verbose cli   '/usr/local/bin/npm',
1 verbose cli   'install',
1 verbose cli   '-g',
1 verbose cli   'webpack' ]
2 info using npm@2.14.20
3 info using node@v4.4.0
4 verbose install initial load of /usr/local/lib/package.json
5 verbose readDependencies loading dependencies from /usr/local/lib/package.json
6 silly cache add args [ 'webpack', null ]
7 verbose cache add spec webpack
8 silly cache add parsed spec Result {
8 silly cache add   raw: 'webpack',
8 silly cache add   scope: null,
8 silly cache add   name: 'webpack',
8 silly cache add   rawSpec: '',
8 silly cache add   spec: 'latest',
8 silly cache add   type: 'tag' }
9 silly addNamed webpack@latest
10 verbose addNamed "latest" is being treated as a dist-tag for webpack
11 info addNameTag [ 'webpack', 'latest' ]
12 silly mapToRegistry name webpack
13 silly mapToRegistry using default registry
14 silly mapToRegistry registry https://registry.npmjs.org/
15 silly mapToRegistry uri https://registry.npmjs.org/webpack
16 verbose addNameTag registry:https://registry.npmjs.org/webpack not in flight; fetching
17 verbose request uri https://registry.npmjs.org/webpack
18 verbose request no auth needed
19 info attempt registry request try #1 at 3:37:05 PM
20 verbose request id c3f43d6cbbd7418d
21 verbose etag "CU3T2OASU3WTC59X57GO87RP6"
22 http request GET https://registry.npmjs.org/webpack
23 http 304 https://registry.npmjs.org/webpack
24 verbose headers { date: 'Sun, 21 Aug 2016 05:37:05 GMT',
24 verbose headers   via: '1.1 varnish',
24 verbose headers   'cache-control': 'max-age=300',
24 verbose headers   etag: '"CU3T2OASU3WTC59X57GO87RP6"',
24 verbose headers   age: '241',
24 verbose headers   connection: 'keep-alive',
24 verbose headers   'x-served-by': 'cache-mel6521-MEL',
24 verbose headers   'x-cache': 'HIT',
24 verbose headers   'x-cache-hits': '1',
24 verbose headers   'x-timer': 'S1471757825.883132,VS0,VE0',
24 verbose headers   vary: 'Accept-Encoding' }
25 silly get cb [ 304,
25 silly get   { date: 'Sun, 21 Aug 2016 05:37:05 GMT',
25 silly get     via: '1.1 varnish',
25 silly get     'cache-control': 'max-age=300',
25 silly get     etag: '"CU3T2OASU3WTC59X57GO87RP6"',
25 silly get     age: '241',
25 silly get     connection: 'keep-alive',
25 silly get     'x-served-by': 'cache-mel6521-MEL',
25 silly get     'x-cache': 'HIT',
25 silly get     'x-cache-hits': '1',
25 silly get     'x-timer': 'S1471757825.883132,VS0,VE0',
25 silly get     vary: 'Accept-Encoding' } ]
26 verbose etag https://registry.npmjs.org/webpack from cache
27 verbose get saving webpack to /Users/ashleypettit/.npm/registry.npmjs.org/webpack/.cache.json
28 verbose correctMkdir /Users/ashleypettit/.npm correctMkdir not in flight; initializing
29 silly addNameTag next cb for webpack with tag latest
30 silly addNamed webpack@1.13.2
31 verbose addNamed "1.13.2" is a plain semver version for webpack
32 silly cache afterAdd webpack@1.13.2
33 verbose afterAdd /Users/ashleypettit/.npm/webpack/1.13.2/package/package.json not in flight; writing
34 verbose correctMkdir /Users/ashleypettit/.npm correctMkdir not in flight; initializing
35 verbose afterAdd /Users/ashleypettit/.npm/webpack/1.13.2/package/package.json written
36 silly install resolved [ { name: 'webpack',
36 silly install resolved     version: '1.13.2',
36 silly install resolved     author: { name: 'Tobias Koppers @sokra' },
36 silly install resolved     description: 'Packs CommonJs/AMD modules for the browser. Allows to split your codebase into multiple bundles, which can be loaded on demand. Support loaders to preprocess files, i.e. json, jade, coffee, css, less, ... and your custom stuff.',
36 silly install resolved     dependencies:
36 silly install resolved      { async: '^1.3.0',
36 silly install resolved        clone: '^1.0.2',
36 silly install resolved        'enhanced-resolve': '~0.9.0',
36 silly install resolved        acorn: '^3.0.0',
36 silly install resolved        interpret: '^0.6.4',
36 silly install resolved        'loader-utils': '^0.2.11',
36 silly install resolved        'memory-fs': '~0.3.0',
36 silly install resolved        mkdirp: '~0.5.0',
36 silly install resolved        'node-libs-browser': '^0.6.0',
36 silly install resolved        optimist: '~0.6.0',
36 silly install resolved        'supports-color': '^3.1.0',
36 silly install resolved        tapable: '~0.1.8',
36 silly install resolved        'uglify-js': '~2.6.0',
36 silly install resolved        watchpack: '^0.2.1',
36 silly install resolved        'webpack-core': '~0.6.0' },
36 silly install resolved     license: 'MIT',
36 silly install resolved     devDependencies:
36 silly install resolved      { benchmark: '^1.0.0',
36 silly install resolved        'bundle-loader': '~0.5.0',
36 silly install resolved        'codecov.io': '^0.1.2',
36 silly install resolved        'coffee-loader': '~0.7.1',
36 silly install resolved        'coffee-script': '^1.10.0',
36 silly install resolved        'component-webpack-plugin': '~0.2.0',
36 silly install resolved        coveralls: '^2.11.2',
36 silly install resolved        'css-loader': '~0.15.0',
36 silly install resolved        diff: '^2.0.2',
36 silly install resolved        eslint: '^1.1.0',
36 silly install resolved        'eslint-plugin-nodeca': '^1.0.3',
36 silly install resolved        express: '~4.13.1',
36 silly install resolved        'extract-text-webpack-plugin': '~0.8.0',
36 silly install resolved        'file-loader': '~0.8.0',
36 silly install resolved        glob: '^5.0.14',
36 silly install resolved        'i18n-webpack-plugin': '~0.2.0',
36 silly install resolved        istanbul: '^0.3.13',
36 silly install resolved        jade: '^1.11.0',
36 silly install resolved        'jade-loader': '~0.7.0',
36 silly install resolved        'js-beautify': '^1.5.10',
36 silly install resolved        'json-loader': '~0.5.1',
36 silly install resolved        less: '^2.5.1',
36 silly install resolved        'less-loader': '^2.0.0',
36 silly install resolved        mocha: '~2.2.0',
36 silly install resolved        'mocha-lcov-reporter': '0.0.2',
36 silly install resolved        'raw-loader': '~0.5.0',
36 silly install resolved        'script-loader': '~0.6.0',
36 silly install resolved        should: '^7.0.2',
36 silly install resolved        'style-loader': '~0.12.0',
36 silly install resolved        'url-loader': '~0.5.0',
36 silly install resolved        'val-loader': '~0.5.0',
36 silly install resolved        'vm-browserify': '~0.0.0',
36 silly install resolved        'webpack-dev-middleware': '^1.0.0',
36 silly install resolved        'worker-loader': '~0.6.0' },
36 silly install resolved     engines: { node: '>=0.6' },
36 silly install resolved     repository:
36 silly install resolved      { type: 'git',
36 silly install resolved        url: 'git+https://github.com/webpack/webpack.git' },
36 silly install resolved     homepage: 'https://github.com/webpack/webpack',
36 silly install resolved     main: 'lib/webpack.js',
36 silly install resolved     web: 'lib/webpack.web.js',
36 silly install resolved     bin: { webpack: './bin/webpack.js' },
36 silly install resolved     files: [ 'lib/', 'bin/', 'buildin/', 'hot/', 'web_modules/' ],
36 silly install resolved     scripts:
36 silly install resolved      { pretest: 'npm run lint && npm run beautify-lint',
36 silly install resolved        test: 'mocha',
36 silly install resolved        travis: 'npm run cover -- --report lcovonly',
36 silly install resolved        lint: 'eslint lib bin hot scripts',
36 silly install resolved        'beautify-lint': 'node ./scripts/beautify-check',
36 silly install resolved        beautify: 'node ./scripts/beautify-rewrite',
36 silly install resolved        precover: 'npm run lint && npm run beautify-lint',
36 silly install resolved        cover: 'istanbul cover -x *.runtime.js node_modules/mocha/bin/_mocha',
36 silly install resolved        'publish-patch': 'npm run lint && npm run beautify-lint && mocha && npm version patch && git push && git push --tags && npm publish' },
36 silly install resolved     gitHead: '4b20545b375da82aa6418e6d498f01d543110af0',
36 silly install resolved     bugs: { url: 'https://github.com/webpack/webpack/issues' },
36 silly install resolved     _id: 'webpack@1.13.2',
36 silly install resolved     _shasum: 'f11a96f458eb752970a86abe746c0704fabafaf3',
36 silly install resolved     _from: 'webpack@latest',
36 silly install resolved     _npmVersion: '3.8.3',
36 silly install resolved     _nodeVersion: '5.10.1',
36 silly install resolved     _npmUser: { name: 'sokra', email: 'tobias.koppers@googlemail.com' },
36 silly install resolved     dist:
36 silly install resolved      { shasum: 'f11a96f458eb752970a86abe746c0704fabafaf3',
36 silly install resolved        tarball: 'https://registry.npmjs.org/webpack/-/webpack-1.13.2.tgz' },
36 silly install resolved     maintainers: [ [Object] ],
36 silly install resolved     _npmOperationalInternal:
36 silly install resolved      { host: 'packages-16-east.internal.npmjs.com',
36 silly install resolved        tmp: 'tmp/webpack-1.13.2.tgz_1471509127953_0.21838289056904614' },
36 silly install resolved     directories: {},
36 silly install resolved     _resolved: 'https://registry.npmjs.org/webpack/-/webpack-1.13.2.tgz',
36 silly install resolved     readme: 'ERROR: No README data found!' } ]
37 info install webpack@1.13.2 into /usr/local/lib
38 info installOne webpack@1.13.2
39 verbose installOne of webpack to /usr/local/lib not in flight; installing
40 verbose correctMkdir /Users/ashleypettit/.npm/_locks correctMkdir not in flight; initializing
41 verbose lock using /Users/ashleypettit/.npm/_locks/webpack-865c90cad072eb35.lock for /usr/local/lib/node_modules/webpack
42 silly install write writing webpack 1.13.2 to /usr/local/lib/node_modules/webpack
43 verbose unbuild lib/node_modules/webpack
44 silly gentlyRm /usr/local/lib/node_modules/webpack is being purged from base /usr/local
45 verbose gentlyRm don't care about contents; nuking /usr/local/lib/node_modules/webpack
46 verbose tar unpack /Users/ashleypettit/.npm/webpack/1.13.2/package.tgz
47 verbose tar unpacking to /usr/local/lib/node_modules/webpack
48 silly gentlyRm /usr/local/lib/node_modules/webpack is being purged
49 verbose gentlyRm don't care about contents; nuking /usr/local/lib/node_modules/webpack
50 silly gunzTarPerm modes [ '755', '644' ]
51 error tar.unpack untar error /Users/ashleypettit/.npm/webpack/1.13.2/package.tgz
52 verbose unlock done using /Users/ashleypettit/.npm/_locks/webpack-865c90cad072eb35.lock for /usr/local/lib/node_modules/webpack
53 verbose fstream_path /usr/local/lib/node_modules/webpack
54 verbose fstream_type Directory
55 verbose fstream_class DirWriter
56 verbose stack Error: EACCES: permission denied, mkdir '/usr/local/lib/node_modules/webpack'
56 verbose stack     at Error (native)
57 verbose fstream_stack /usr/local/lib/node_modules/npm/node_modules/fstream/lib/dir-writer.js:35:25
57 verbose fstream_stack /usr/local/lib/node_modules/npm/node_modules/mkdirp/index.js:47:53
57 verbose fstream_stack FSReqWrap.oncomplete (fs.js:82:15)
58 verbose cwd /Users/ashleypettit/Desktop/words_most_overcomplicated_to_do_list
59 error Darwin 15.6.0
60 error argv "/usr/local/bin/node" "/usr/local/bin/npm" "install" "-g" "webpack"
61 error node v4.4.0
62 error npm  v2.14.20
63 error path /usr/local/lib/node_modules/webpack
64 error code EACCES
65 error errno -13
66 error syscall mkdir
67 error Error: EACCES: permission denied, mkdir '/usr/local/lib/node_modules/webpack'
67 error     at Error (native)
67 error  { [Error: EACCES: permission denied, mkdir '/usr/local/lib/node_modules/webpack']
67 error   errno: -13,
67 error   code: 'EACCES',
67 error   syscall: 'mkdir',
67 error   path: '/usr/local/lib/node_modules/webpack',
67 error   fstream_type: 'Directory',
67 error   fstream_path: '/usr/local/lib/node_modules/webpack',
67 error   fstream_class: 'DirWriter',
67 error   fstream_stack:
67 error    [ '/usr/local/lib/node_modules/npm/node_modules/fstream/lib/dir-writer.js:35:25',
67 error      '/usr/local/lib/node_modules/npm/node_modules/mkdirp/index.js:47:53',
67 error      'FSReqWrap.oncomplete (fs.js:82:15)' ] }
68 error Please try running this command again as root/Administrator.
69 verbose exit [ -13, true ]
70 verbose unbuild lib/node_modules/webpack
71 silly gentlyRm /usr/local/lib/node_modules/webpack is being purged from base /usr/local
72 verbose gentlyRm don't care about contents; nuking /usr/local/lib/node_modules/webpack
